<?xml version="1.0" encoding="UTF-8"?>
<testng-results ignored="2" total="4" passed="2" failed="0" skipped="0">
  <reporter-output>
  </reporter-output>
  <suite started-at="2023-06-23T18:57:00 NZST" name="ChromeBrowserTest" finished-at="2023-06-23T18:58:30 NZST" duration-ms="90164">
    <groups>
    </groups>
    <test started-at="2023-06-23T18:57:00 NZST" name="ChromeBrowserTest" finished-at="2023-06-23T18:57:45 NZST" duration-ms="45395">
      <class name="testNGMethods.CrossBrowserTest">
        <test-method is-config="true" signature="setUp(java.lang.String)[pri:0, instance:testNGMethods.CrossBrowserTest@51dcb805]" started-at="2023-06-23T18:57:00 NZST" name="setUp" description="This test is to set up the browser" finished-at="2023-06-23T18:57:17 NZST" duration-ms="17074" status="PASS">
          <params>
            <param index="0">
              <value>
                <![CDATA[Chrome]]>
              </value>
            </param>
          </params>
          <reporter-output>
          </reporter-output>
        </test-method> <!-- setUp -->
        <test-method signature="verifyLogin(java.lang.String, java.lang.String)[pri:-1, instance:testNGMethods.CrossBrowserTest@51dcb805]" started-at="2023-06-23T18:57:17 NZST" name="verifyLogin" description="This test is to login" finished-at="2023-06-23T18:57:44 NZST" duration-ms="27562" status="PASS">
          <params>
            <param index="0">
              <value>
                <![CDATA[jothi]]>
              </value>
            </param>
            <param index="1">
              <value>
                <![CDATA[Password123]]>
              </value>
            </param>
          </params>
          <reporter-output>
          </reporter-output>
        </test-method> <!-- verifyLogin -->
        <test-method is-config="true" signature="tearDown()[pri:0, instance:testNGMethods.CrossBrowserTest@51dcb805]" started-at="2023-06-23T18:57:45 NZST" name="tearDown" description="This test is to tidy up the driver" finished-at="2023-06-23T18:57:45 NZST" duration-ms="725" status="PASS">
          <reporter-output>
          </reporter-output>
        </test-method> <!-- tearDown -->
      </class> <!-- testNGMethods.CrossBrowserTest -->
    </test> <!-- ChromeBrowserTest -->
    <test started-at="2023-06-23T18:57:45 NZST" name="EdgeBrowserTest" finished-at="2023-06-23T18:58:30 NZST" duration-ms="44638">
      <class name="testNGMethods.CrossBrowserTest">
        <test-method is-config="true" signature="setUp(java.lang.String)[pri:0, instance:testNGMethods.CrossBrowserTest@ea6147e]" started-at="2023-06-23T18:57:45 NZST" name="setUp" description="This test is to set up the browser" finished-at="2023-06-23T18:58:13 NZST" duration-ms="27299" status="PASS">
          <params>
            <param index="0">
              <value>
                <![CDATA[Edge]]>
              </value>
            </param>
          </params>
          <reporter-output>
          </reporter-output>
        </test-method> <!-- setUp -->
        <test-method signature="verifyLogin(java.lang.String, java.lang.String)[pri:-1, instance:testNGMethods.CrossBrowserTest@ea6147e]" started-at="2023-06-23T18:58:13 NZST" name="verifyLogin" description="This test is to login" finished-at="2023-06-23T18:58:29 NZST" duration-ms="16690" status="PASS">
          <params>
            <param index="0">
              <value>
                <![CDATA[jothi]]>
              </value>
            </param>
            <param index="1">
              <value>
                <![CDATA[Password123]]>
              </value>
            </param>
          </params>
          <reporter-output>
          </reporter-output>
        </test-method> <!-- verifyLogin -->
        <test-method is-config="true" signature="tearDown()[pri:0, instance:testNGMethods.CrossBrowserTest@ea6147e]" started-at="2023-06-23T18:58:29 NZST" name="tearDown" description="This test is to tidy up the driver" finished-at="2023-06-23T18:58:30 NZST" duration-ms="636" status="PASS">
          <reporter-output>
          </reporter-output>
        </test-method> <!-- tearDown -->
      </class> <!-- testNGMethods.CrossBrowserTest -->
    </test> <!-- EdgeBrowserTest -->
  </suite> <!-- ChromeBrowserTest -->
</testng-results>
