<?xml version="1.0" encoding="UTF-8"?>
<!-- Generated by org.testng.reporters.JUnitXMLReporter -->
<testsuite ignored="1" hostname="Nagajothis-MacBook-Pro.local" failures="0" tests="1" name="ChromeBrowserTest" time="45.395" errors="0" timestamp="2023-06-23T18:57:45 NZST">
  <testcase classname="testNGMethods.CrossBrowserTest" name="verifyLogin" time="27.562"/>
  <testcase classname="testNGMethods.CrossBrowserTest" name="registration" time="0.0">
    <ignored/>
  </testcase> <!-- registration -->
</testsuite> <!-- ChromeBrowserTest -->
